<?xml version="1.0" encoding="UTF-8"?>
<testng-results ignored="0" total="1" passed="1" failed="0" skipped="0">
  <reporter-output>
  </reporter-output>
  <suite started-at="2020-12-31T03:37:55Z" name="Default suite" finished-at="2020-12-31T03:38:07Z" duration-ms="11397">
    <groups>
    </groups>
    <test started-at="2020-12-31T03:37:55Z" name="Default test" finished-at="2020-12-31T03:38:07Z" duration-ms="11397">
      <class name="com.orangeHRM.qa.tests.HomePageTest">
        <test-method is-config="true" signature="setUp()[pri:0, instance:com.orangeHRM.qa.tests.HomePageTest@2d2ffcb7]" started-at="2020-12-31T03:37:55Z" name="setUp" finished-at="2020-12-31T03:38:06Z" duration-ms="11294" status="PASS">
          <reporter-output>
          </reporter-output>
        </test-method> <!-- setUp -->
        <test-method signature="dasboardPage()[pri:0, instance:com.orangeHRM.qa.tests.HomePageTest@2d2ffcb7]" started-at="2020-12-31T03:38:06Z" name="dasboardPage" finished-at="2020-12-31T03:38:07Z" duration-ms="82" status="PASS">
          <reporter-output>
          </reporter-output>
        </test-method> <!-- dasboardPage -->
      </class> <!-- com.orangeHRM.qa.tests.HomePageTest -->
    </test> <!-- Default test -->
  </suite> <!-- Default suite -->
</testng-results>
